#
# A fatal error has been detected by the Java Runtime Environment:
#
#  SIGSEGV (0xb) at pc=0x00007fff94763097, pid=24536, tid=1287
#
# JRE version: Java(TM) SE Runtime Environment (7.0_40-b43) (build 1.7.0_40-b43)
# Java VM: Java HotSpot(TM) 64-Bit Server VM (24.0-b56 mixed mode bsd-amd64 compressed oops)
# Problematic frame:
# C  [libobjc.A.dylib+0x5097]  objc_msgSend+0x17
#
# Failed to write core dump. Core dumps have been disabled. To enable core dumping, try "ulimit -c unlimited" before starting Java again
#
# If you would like to submit a bug report, please visit:
#   http://bugreport.sun.com/bugreport/crash.jsp
# The crash happened outside the Java Virtual Machine in native code.
# See problematic frame for where to report the bug.
#

---------------  T H R E A D  ---------------

Current thread (0x00007fa7658b5000):  JavaThread "AppKit Thread" daemon [_thread_in_native, id=1287, stack(0x00007fff515e0000,0x00007fff51660000)]

siginfo:si_signo=SIGSEGV: si_errno=0, si_code=0 (SEGV0), si_addr=0x0000000000000000

Registers:
RAX=0x00007fa763f42480, RBX=0x00000000000f42ee, RCX=0x0000000000000000, RDX=0x00007fa763e73510
RSP=0x00007fff5165ada8, RBP=0x00007fff5165adb0, RSI=0x00007fff92935b9f, RDI=0x00007fa763f42480
R8 =0x0000000000000040, R9 =0x00007fff5165ad00, R10=0x00007fff92935b9f, R11=0xb000000000000000
R12=0x00000000000f42ee, R13=0x00007fff5165af78, R14=0x00007fa763d5e030, R15=0x00007fff5165aed8
RIP=0x00007fff94763097, EFLAGS=0x0000000000010246, ERR=0x0000000000000000
  TRAPNO=0x000000000000000d

Top of Stack: (sp=0x00007fff5165ada8)
0x00007fff5165ada8:   00007fff87dbee0c 00007fff5165b110
0x00007fff5165adb8:   00007fff87cb282d 000000010e5b9000
0x00007fff5165adc8:   000000010e5bde00 00007fa763ec2952
0x00007fff5165add8:   0000000000001400 0000000000000798
0x00007fff5165ade8:   00000000000f42f0 0000000000000002
0x00007fff5165adf8:   00007fa763e7a160 00007fa763e798d0
0x00007fff5165ae08:   00007fa763f0a0d0 00007fa763e73510
0x00007fff5165ae18:   00007fff5165aed0 0000000000000000
0x00007fff5165ae28:   00000000000f42ee 0000000000000051
0x00007fff5165ae38:   00007fff5165af50 0000000000000000
0x00007fff5165ae48:   0000000000000001 00007fa763f0a0c0
0x00007fff5165ae58:   000000000000004f 00000000001263b7
0x00007fff5165ae68:   0000010000000000 00007fff78ceba60
0x00007fff5165ae78:   000020600013a6ea ff80000000001002
0x00007fff5165ae88:   0000000000000000 00007fff5165af68
0x00007fff5165ae98:   00007fff5165af48 00007fff78ceba48
0x00007fff5165aea8:   0000000000000000 0000000000000013
0x00007fff5165aeb8:   00007fff8e13a6ea 00007fff79004d38
0x00007fff5165aec8:   0000000000000000 00007fa763e7a1e0
0x00007fff5165aed8:   00007fa763d5e030 00007fff91879b08
0x00007fff5165aee8:   0000000000000000 00007fff5165afb0
0x00007fff5165aef8:   00007fff9142adde 00007fff78d4f0d0
0x00007fff5165af08:   0000000042000000 00007fff914331d1
0x00007fff5165af18:   00007fff78cc7b40 00007fff5165b018
0x00007fff5165af28:   00007fff5165af48 00007fff5165af68
0x00007fff5165af38:   0000000000000000 000000010e5b9001
0x00007fff5165af48:   0000000000000000 000000000000004d
0x00007fff5165af58:   0000000000000000 00000000000f42e2
0x00007fff5165af68:   000000000000004f 0000000000000000
0x00007fff5165af78:   00000000000f42ee 000000015165b020
0x00007fff5165af88:   00007fff8e13b261 00007fff79479748
0x00007fff5165af98:   00007fff7947974c 00000000794751b8 

Instructions: (pc=0x00007fff94763097)
0x00007fff94763077:   90 90 90 90 90 90 90 90 90 48 85 ff 2e 74 72 40
0x00007fff94763087:   f6 c7 01 2e 0f 85 7e 00 00 00 4c 8b 1f 49 89 f2
0x00007fff94763097:   45 23 53 18 49 c1 e2 04 4d 03 53 10 49 3b 32 75
0x00007fff947630a7:   04 41 ff 62 08 49 83 3a 00 74 74 4d 3b 53 10 74 

Register to memory mapping:

RAX=0x00007fa763f42480 is an unknown value
RBX=0x00000000000f42ee is an unknown value
RCX=0x0000000000000000 is an unknown value
RDX=0x00007fa763e73510 is an unknown value
RSP=0x00007fff5165ada8 is pointing into the stack for thread: 0x00007fa7658b5000
RBP=0x00007fff5165adb0 is pointing into the stack for thread: 0x00007fa7658b5000
RSI=0x00007fff92935b9f: NSAppKitVersionNumber+0x5358f in /System/Library/Frameworks/AppKit.framework/Versions/C/AppKit at 0x00007fff91e92000
RDI=0x00007fa763f42480 is an unknown value
R8 =0x0000000000000040 is an unknown value
R9 =0x00007fff5165ad00 is pointing into the stack for thread: 0x00007fa7658b5000
R10=0x00007fff92935b9f: NSAppKitVersionNumber+0x5358f in /System/Library/Frameworks/AppKit.framework/Versions/C/AppKit at 0x00007fff91e92000
R11=0xb000000000000000 is an unknown value
R12=0x00000000000f42ee is an unknown value
R13=0x00007fff5165af78 is pointing into the stack for thread: 0x00007fa7658b5000
R14=0x00007fa763d5e030 is an unknown value
R15=0x00007fff5165aed8 is pointing into the stack for thread: 0x00007fa7658b5000


Stack: [0x00007fff515e0000,0x00007fff51660000],  sp=0x00007fff5165ada8,  free space=491k
Native frames: (J=compiled Java code, j=interpreted, Vv=VM code, C=native code)
C  [libobjc.A.dylib+0x5097]  objc_msgSend+0x17
C  [CoreFoundation+0x1082d]  _CFXNotificationPost+0xb4d
C  [Foundation+0x2e4a]  -[NSNotificationCenter postNotificationName:object:userInfo:]+0x44
C  [AppKit+0x10f5a9]  -[NSSurface _disposeSurface]+0x98
C  [AppKit+0x10f045]  -[NSSurface setWindow:]+0x46
C  [AppKit+0x3af27]  -[NSView _setWindow:]+0x8ea
C  [AppKit+0x3bf7a]  -[NSView removeFromSuperview]+0x15e
C  [AppKit+0x986e9]  -[NSView removeFromSuperviewWithoutNeedingDisplay]+0x26
C  [liblwjgl.dylib+0x9c3e]  +[MacOSXKeyableWindow destroyWindow]+0xde
C  [Foundation+0x637ce]  __NSThreadPerformPerform+0xe5
C  [CoreFoundation+0x7f5b1]  __CFRUNLOOP_IS_CALLING_OUT_TO_A_SOURCE0_PERFORM_FUNCTION__+0x11
C  [CoreFoundation+0x70c62]  __CFRunLoopDoSources0+0xf2
C  [CoreFoundation+0x703ef]  __CFRunLoopRun+0x33f
C  [CoreFoundation+0x6fe75]  CFRunLoopRunSpecific+0x135
C  [HIToolbox+0x2ea0d]  RunCurrentEventLoopInMode+0xe2
C  [HIToolbox+0x2e7b7]  ReceiveNextEventCommon+0x1df
C  [HIToolbox+0x2e5bc]  _BlockUntilNextEventMatchingListInModeWithFilter+0x41
C  [AppKit+0x2424e]  _DPSNextEvent+0x59a
C  [AppKit+0x2389b]  -[NSApplication nextEventMatchingMask:untilDate:inMode:dequeue:]+0x7a
C  [libosxapp.dylib+0x16f4]  -[NSApplicationAWT nextEventMatchingMask:untilDate:inMode:dequeue:]+0x7c
C  [AppKit+0x1799c]  -[NSApplication run]+0x229
C  [libosxapp.dylib+0x1557]  +[NSApplicationAWT runAWTLoopWithApp:]+0x9c
C  [liblwawt.dylib+0xdb99]  -[AWTStarter starter:]+0x369
C  [Foundation+0x637ce]  __NSThreadPerformPerform+0xe5
C  [CoreFoundation+0x7f5b1]  __CFRUNLOOP_IS_CALLING_OUT_TO_A_SOURCE0_PERFORM_FUNCTION__+0x11
C  [CoreFoundation+0x70c62]  __CFRunLoopDoSources0+0xf2
C  [CoreFoundation+0x703ef]  __CFRunLoopRun+0x33f
C  [CoreFoundation+0x6fe75]  CFRunLoopRunSpecific+0x135
C  [java+0x73b0]  CreateExecutionEnvironment+0x367
C  [java+0x1b5c]  JLI_Launch+0x7a0
C  [java+0x770d]  main+0x65
C  [java+0x13b4]  start+0x34


---------------  P R O C E S S  ---------------

Java Threads: ( => current thread )
  0x00007fa765072000 JavaThread "AWT-Shutdown" [_thread_blocked, id=34315, stack(0x000000011d1cc000,0x000000011d2cc000)]
  0x00007fa7648dc000 JavaThread "DestroyJavaVM" [_thread_blocked, id=6403, stack(0x000000010e6b5000,0x000000010e7b5000)]
  0x00007fa76512c000 JavaThread "LWJGL Application" [_thread_in_native, id=62467, stack(0x000000011e833000,0x000000011e933000)]
=>0x00007fa7658b5000 JavaThread "AppKit Thread" daemon [_thread_in_native, id=1287, stack(0x00007fff515e0000,0x00007fff51660000)]
  0x00007fa76501a000 JavaThread "Service Thread" daemon [_thread_blocked, id=19203, stack(0x000000011971e000,0x000000011981e000)]
  0x00007fa765019000 JavaThread "C2 CompilerThread1" daemon [_thread_blocked, id=18691, stack(0x000000011961b000,0x000000011971b000)]
  0x00007fa76501b800 JavaThread "C2 CompilerThread0" daemon [_thread_blocked, id=18179, stack(0x0000000119518000,0x0000000119618000)]
  0x00007fa765836800 JavaThread "Signal Dispatcher" daemon [_thread_blocked, id=17667, stack(0x0000000119415000,0x0000000119515000)]
  0x00007fa76480c800 JavaThread "Finalizer" daemon [_thread_blocked, id=12547, stack(0x00000001191c5000,0x00000001192c5000)]
  0x00007fa764809800 JavaThread "Reference Handler" daemon [_thread_blocked, id=12035, stack(0x00000001190c2000,0x00000001191c2000)]

Other Threads:
  0x00007fa764809000 VMThread [stack: 0x0000000118fbf000,0x00000001190bf000] [id=11523]
  0x00007fa765016800 WatcherThread [stack: 0x0000000119821000,0x0000000119921000] [id=19715]

VM state:not at safepoint (normal execution)

VM Mutex/Monitor currently owned by a thread: None

Heap
 PSYoungGen      total 38912K, used 18033K [0x00000007d5500000, 0x00000007d8000000, 0x0000000800000000)
  eden space 33792K, 53% used [0x00000007d5500000,0x00000007d669c550,0x00000007d7600000)
  from space 5120K, 0% used [0x00000007d7b00000,0x00000007d7b00000,0x00000007d8000000)
  to   space 5120K, 0% used [0x00000007d7600000,0x00000007d7600000,0x00000007d7b00000)
 ParOldGen       total 87040K, used 0K [0x0000000780000000, 0x0000000785500000, 0x00000007d5500000)
  object space 87040K, 0% used [0x0000000780000000,0x0000000780000000,0x0000000785500000)
 PSPermGen       total 21504K, used 6843K [0x000000077ae00000, 0x000000077c300000, 0x0000000780000000)
  object space 21504K, 31% used [0x000000077ae00000,0x000000077b4aefa8,0x000000077c300000)

Card table byte_map: [0x0000000112b1b000,0x0000000112f45000] byte_map_base: 0x000000010ef44000

Polling page: 0x000000010e7f4000

Code Cache  [0x000000010fa5b000, 0x000000010fccb000, 0x0000000112a5b000)
 total_blobs=587 nmethods=241 adapters=300 free_code_cache=48282Kb largest_free_block=49409984

Compilation events (10 events):
Event: 88.160 Thread 0x00007fa765019000 nmethod 236 0x000000010fb2cfd0 code [0x000000010fb2d160, 0x000000010fb2d788]
Event: 88.160 Thread 0x00007fa765019000  237   !         java.io.PrintStream::newLine (73 bytes)
Event: 88.160 Thread 0x00007fa76501b800 nmethod 235 0x000000010fb2eb50 code [0x000000010fb2ece0, 0x000000010fb2f328]
Event: 88.160 Thread 0x00007fa76501b800  238             java.io.BufferedWriter::newLine (9 bytes)
Event: 88.161 Thread 0x00007fa76501b800 nmethod 238 0x000000010fb24190 code [0x000000010fb242e0, 0x000000010fb243a8]
Event: 88.165 Thread 0x00007fa765019000 nmethod 237 0x000000010fb37110 code [0x000000010fb372c0, 0x000000010fb37af0]
Event: 89.873 Thread 0x00007fa76501b800  239             java.nio.HeapByteBuffer::put (167 bytes)
Event: 89.875 Thread 0x00007fa76501b800 nmethod 239 0x000000010fb36ad0 code [0x000000010fb36c40, 0x000000010fb36ef8]
Event: 100.117 Thread 0x00007fa765019000  241  s          org.lwjgl.opengl.EventQueue::copyEvents (77 bytes)
Event: 100.127 Thread 0x00007fa765019000 nmethod 241 0x000000010fb35a10 code [0x000000010fb35bc0, 0x000000010fb364b8]

GC Heap History (0 events):
No events

Deoptimization events (1 events):
Event: 0.516 Thread 0x00007fa76512c000 Uncommon trap: reason=null_check action=make_not_entrant pc=0x000000010fabe610 method=java.lang.String.equals(Ljava/lang/Object;)Z @ 8

Internal exceptions (10 events):
Event: 0.557 Thread 0x00007fa76512c000 Threw 0x00000007d61846b0 at /HUDSON/workspace/jdk7u40-2-build-macosx-amd64-product/jdk7u40/hotspot/src/share/vm/prims/jvm.cpp:1244
Event: 0.559 Thread 0x00007fa76512c000 Threw 0x00000007d618cec8 at /HUDSON/workspace/jdk7u40-2-build-macosx-amd64-product/jdk7u40/hotspot/src/share/vm/prims/jvm.cpp:1244
Event: 0.560 Thread 0x00007fa76512c000 Threw 0x00000007d6195468 at /HUDSON/workspace/jdk7u40-2-build-macosx-amd64-product/jdk7u40/hotspot/src/share/vm/prims/jvm.cpp:1244
Event: 0.565 Thread 0x00007fa76512c000 Threw 0x00000007d619aa80 at /HUDSON/workspace/jdk7u40-2-build-macosx-amd64-product/jdk7u40/hotspot/src/share/vm/prims/jvm.cpp:1244
Event: 0.566 Thread 0x00007fa76512c000 Threw 0x00000007d61a0d20 at /HUDSON/workspace/jdk7u40-2-build-macosx-amd64-product/jdk7u40/hotspot/src/share/vm/prims/jvm.cpp:1244
Event: 0.638 Thread 0x00007fa76512c000 Threw 0x00000007d61a7cd0 at /HUDSON/workspace/jdk7u40-2-build-macosx-amd64-product/jdk7u40/hotspot/src/share/vm/prims/jvm.cpp:1244
Event: 0.638 Thread 0x00007fa76512c000 Threw 0x00000007d61ad8e0 at /HUDSON/workspace/jdk7u40-2-build-macosx-amd64-product/jdk7u40/hotspot/src/share/vm/prims/jvm.cpp:1244
Event: 100.134 Thread 0x00007fa76512c000 Threw 0x00000007d664c078 at /HUDSON/workspace/jdk7u40-2-build-macosx-amd64-product/jdk7u40/hotspot/src/share/vm/prims/jvm.cpp:1244
Event: 104.964 Thread 0x00007fa76512c000 Threw 0x00000007d667c770 at /HUDSON/workspace/jdk7u40-2-build-macosx-amd64-product/jdk7u40/hotspot/src/share/vm/prims/jvm.cpp:1244
Event: 104.970 Thread 0x00007fa76512c000 Threw 0x00000007d6682518 at /HUDSON/workspace/jdk7u40-2-build-macosx-amd64-product/jdk7u40/hotspot/src/share/vm/prims/jvm.cpp:1244

Events (10 events):
Event: 73.972 Thread 0x00007fa7640a5800 Thread exited: 0x00007fa7640a5800
Event: 84.692 loading class 0x0000000117d5dc10
Event: 84.693 loading class 0x0000000117d5dc10 done
Event: 98.935 Thread 0x00007fa765072000 Thread added: 0x00007fa765072000
Event: 100.134 loading class 0x00007fa763d4bb90
Event: 100.134 loading class 0x00007fa763d4bb90 done
Event: 104.964 loading class 0x00007fa763e24440
Event: 104.964 loading class 0x00007fa763e24440 done
Event: 104.970 loading class 0x00007fa763f250f0
Event: 104.970 loading class 0x00007fa763f250f0 done


Dynamic libraries:
0x0000000006c1f000 	/System/Library/Frameworks/Cocoa.framework/Versions/A/Cocoa
0x0000000006c1f000 	/System/Library/Frameworks/Security.framework/Versions/A/Security
0x0000000006c1f000 	/System/Library/Frameworks/ApplicationServices.framework/Versions/A/ApplicationServices
0x0000000006c1f000 	/usr/lib/libz.1.dylib
0x0000000006c1f000 	/usr/lib/libSystem.B.dylib
0x0000000006c1f000 	/usr/lib/libobjc.A.dylib
0x0000000006c1f000 	/System/Library/Frameworks/CoreFoundation.framework/Versions/A/CoreFoundation
0x0000000006c1f000 	/System/Library/Frameworks/Foundation.framework/Versions/C/Foundation
0x0000000006c1f000 	/System/Library/Frameworks/AppKit.framework/Versions/C/AppKit
0x0000000006c1f000 	/System/Library/Frameworks/CoreData.framework/Versions/A/CoreData
0x0000000006c1f000 	/System/Library/PrivateFrameworks/RemoteViewServices.framework/Versions/A/RemoteViewServices
0x0000000006c1f000 	/System/Library/Frameworks/AudioToolbox.framework/Versions/A/AudioToolbox
0x0000000006c1f000 	/System/Library/Frameworks/AudioUnit.framework/Versions/A/AudioUnit
0x0000000006c1f000 	/System/Library/PrivateFrameworks/DataDetectorsCore.framework/Versions/A/DataDetectorsCore
0x0000000006c1f000 	/System/Library/PrivateFrameworks/DesktopServicesPriv.framework/Versions/A/DesktopServicesPriv
0x0000000006c1f000 	/System/Library/Frameworks/Carbon.framework/Versions/A/Frameworks/HIToolbox.framework/Versions/A/HIToolbox
0x0000000006c1f000 	/System/Library/Frameworks/QuartzCore.framework/Versions/A/QuartzCore
0x0000000006c1f000 	/System/Library/Frameworks/Carbon.framework/Versions/A/Frameworks/SpeechRecognition.framework/Versions/A/SpeechRecognition
0x0000000006c1f000 	/usr/lib/libauto.dylib
0x0000000006c1f000 	/usr/lib/libicucore.A.dylib
0x0000000006c1f000 	/usr/lib/libxml2.2.dylib
0x0000000006c1f000 	/System/Library/PrivateFrameworks/CoreUI.framework/Versions/A/CoreUI
0x0000000006c1f000 	/System/Library/Frameworks/CoreAudio.framework/Versions/A/CoreAudio
0x0000000006c1f000 	/System/Library/Frameworks/DiskArbitration.framework/Versions/A/DiskArbitration
0x0000000006c1f000 	/usr/lib/liblangid.dylib
0x0000000006c1f000 	/System/Library/PrivateFrameworks/MultitouchSupport.framework/Versions/A/MultitouchSupport
0x0000000006c1f000 	/System/Library/Frameworks/IOKit.framework/Versions/A/IOKit
0x0000000006c1f000 	/usr/lib/libDiagnosticMessagesClient.dylib
0x0000000006c1f000 	/System/Library/Frameworks/CoreServices.framework/Versions/A/CoreServices
0x0000000006c1f000 	/System/Library/PrivateFrameworks/PerformanceAnalysis.framework/Versions/A/PerformanceAnalysis
0x0000000006c1f000 	/System/Library/PrivateFrameworks/GenerationalStorage.framework/Versions/A/GenerationalStorage
0x0000000006c1f000 	/System/Library/Frameworks/OpenGL.framework/Versions/A/OpenGL
0x0000000006c1f000 	/System/Library/PrivateFrameworks/Sharing.framework/Versions/A/Sharing
0x0000000006c1f000 	/System/Library/Frameworks/ImageIO.framework/Versions/A/ImageIO
0x0000000006c1f000 	/System/Library/Frameworks/CoreText.framework/Versions/A/CoreText
0x0000000006c1f000 	/System/Library/Frameworks/CoreGraphics.framework/Versions/A/CoreGraphics
0x0000000006c1f000 	/System/Library/PrivateFrameworks/Backup.framework/Versions/A/Backup
0x0000000006c1f000 	/System/Library/Frameworks/CFNetwork.framework/Versions/A/CFNetwork
0x0000000006c1f000 	/System/Library/Frameworks/SystemConfiguration.framework/Versions/A/SystemConfiguration
0x0000000006c1f000 	/usr/lib/libCRFSuite.dylib
0x0000000006c1f000 	/usr/lib/libc++.1.dylib
0x0000000006c1f000 	/usr/lib/libc++abi.dylib
0x0000000006c1f000 	/usr/lib/system/libcache.dylib
0x0000000006c1f000 	/usr/lib/system/libcommonCrypto.dylib
0x0000000006c1f000 	/usr/lib/system/libcompiler_rt.dylib
0x0000000006c1f000 	/usr/lib/system/libcopyfile.dylib
0x0000000006c1f000 	/usr/lib/system/libcorecrypto.dylib
0x0000000006c1f000 	/usr/lib/system/libdispatch.dylib
0x0000000006c1f000 	/usr/lib/system/libdyld.dylib
0x0000000006c1f000 	/usr/lib/system/libkeymgr.dylib
0x0000000006c1f000 	/usr/lib/system/liblaunch.dylib
0x0000000006c1f000 	/usr/lib/system/libmacho.dylib
0x0000000006c1f000 	/usr/lib/system/libquarantine.dylib
0x0000000006c1f000 	/usr/lib/system/libremovefile.dylib
0x0000000006c1f000 	/usr/lib/system/libsystem_asl.dylib
0x0000000006c1f000 	/usr/lib/system/libsystem_blocks.dylib
0x0000000006c1f000 	/usr/lib/system/libsystem_c.dylib
0x0000000006c1f000 	/usr/lib/system/libsystem_configuration.dylib
0x0000000006c1f000 	/usr/lib/system/libsystem_dnssd.dylib
0x0000000006c1f000 	/usr/lib/system/libsystem_info.dylib
0x0000000006c1f000 	/usr/lib/system/libsystem_kernel.dylib
0x0000000006c1f000 	/usr/lib/system/libsystem_m.dylib
0x0000000006c1f000 	/usr/lib/system/libsystem_malloc.dylib
0x0000000006c1f000 	/usr/lib/system/libsystem_network.dylib
0x0000000006c1f000 	/usr/lib/system/libsystem_notify.dylib
0x0000000006c1f000 	/usr/lib/system/libsystem_platform.dylib
0x0000000006c1f000 	/usr/lib/system/libsystem_pthread.dylib
0x0000000006c1f000 	/usr/lib/system/libsystem_sandbox.dylib
0x0000000006c1f000 	/usr/lib/system/libsystem_stats.dylib
0x0000000006c1f000 	/usr/lib/system/libunc.dylib
0x0000000006c1f000 	/usr/lib/system/libunwind.dylib
0x0000000006c1f000 	/usr/lib/system/libxpc.dylib
0x0000000006c1f000 	/usr/lib/libbsm.0.dylib
0x0000000006c1f000 	/usr/lib/libsqlite3.dylib
0x0000000006c1f000 	/usr/lib/libxar.1.dylib
0x0000000006c1f000 	/usr/lib/libpam.2.dylib
0x0000000006c1f000 	/usr/lib/libOpenScriptingUtil.dylib
0x0000000006c1f000 	/usr/lib/libbz2.1.0.dylib
0x0000000006c1f000 	/System/Library/Frameworks/CoreServices.framework/Versions/A/Frameworks/CarbonCore.framework/Versions/A/CarbonCore
0x0000000006c1f000 	/System/Library/Frameworks/CoreServices.framework/Versions/A/Frameworks/Metadata.framework/Versions/A/Metadata
0x0000000006c1f000 	/System/Library/Frameworks/CoreServices.framework/Versions/A/Frameworks/OSServices.framework/Versions/A/OSServices
0x0000000006c1f000 	/System/Library/Frameworks/CoreServices.framework/Versions/A/Frameworks/SearchKit.framework/Versions/A/SearchKit
0x0000000006c1f000 	/System/Library/Frameworks/CoreServices.framework/Versions/A/Frameworks/AE.framework/Versions/A/AE
0x0000000006c1f000 	/System/Library/Frameworks/CoreServices.framework/Versions/A/Frameworks/LaunchServices.framework/Versions/A/LaunchServices
0x0000000006c1f000 	/System/Library/Frameworks/CoreServices.framework/Versions/A/Frameworks/DictionaryServices.framework/Versions/A/DictionaryServices
0x0000000006c1f000 	/System/Library/Frameworks/NetFS.framework/Versions/A/NetFS
0x0000000006c1f000 	/usr/lib/system/libkxld.dylib
0x0000000006c1f000 	/System/Library/PrivateFrameworks/NetAuth.framework/Versions/A/NetAuth
0x0000000006c1f000 	/System/Library/PrivateFrameworks/TCC.framework/Versions/A/TCC
0x0000000006c1f000 	/System/Library/Frameworks/OpenDirectory.framework/Versions/A/Frameworks/CFOpenDirectory.framework/Versions/A/CFOpenDirectory
0x0000000006c1f000 	/System/Library/Frameworks/ServiceManagement.framework/Versions/A/ServiceManagement
0x0000000006c1f000 	/usr/lib/libxslt.1.dylib
0x0000000006c1f000 	/System/Library/Frameworks/Carbon.framework/Versions/A/Frameworks/Ink.framework/Versions/A/Ink
0x0000000006c1f000 	/System/Library/Frameworks/ApplicationServices.framework/Versions/A/Frameworks/ATS.framework/Versions/A/ATS
0x0000000006c1f000 	/System/Library/Frameworks/ApplicationServices.framework/Versions/A/Frameworks/ColorSync.framework/Versions/A/ColorSync
0x0000000006c1f000 	/System/Library/Frameworks/ApplicationServices.framework/Versions/A/Frameworks/HIServices.framework/Versions/A/HIServices
0x0000000006c1f000 	/System/Library/Frameworks/ApplicationServices.framework/Versions/A/Frameworks/LangAnalysis.framework/Versions/A/LangAnalysis
0x0000000006c1f000 	/System/Library/Frameworks/ApplicationServices.framework/Versions/A/Frameworks/PrintCore.framework/Versions/A/PrintCore
0x0000000006c1f000 	/System/Library/Frameworks/ApplicationServices.framework/Versions/A/Frameworks/QD.framework/Versions/A/QD
0x0000000006c1f000 	/System/Library/Frameworks/ApplicationServices.framework/Versions/A/Frameworks/SpeechSynthesis.framework/Versions/A/SpeechSynthesis
0x0000000006c1f000 	/System/Library/Frameworks/IOSurface.framework/Versions/A/IOSurface
0x0000000006c1f000 	/System/Library/Frameworks/Accelerate.framework/Versions/A/Accelerate
0x0000000006c1f000 	/System/Library/Frameworks/Accelerate.framework/Versions/A/Frameworks/vImage.framework/Versions/A/vImage
0x0000000006c1f000 	/System/Library/Frameworks/Accelerate.framework/Versions/A/Frameworks/vecLib.framework/Versions/A/vecLib
0x0000000006c1f000 	/System/Library/Frameworks/Accelerate.framework/Versions/A/Frameworks/vecLib.framework/Versions/A/libvDSP.dylib
0x0000000006c1f000 	/System/Library/Frameworks/Accelerate.framework/Versions/A/Frameworks/vecLib.framework/Versions/A/libvMisc.dylib
0x0000000006c1f000 	/System/Library/Frameworks/Accelerate.framework/Versions/A/Frameworks/vecLib.framework/Versions/A/libLAPACK.dylib
0x0000000006c1f000 	/System/Library/Frameworks/Accelerate.framework/Versions/A/Frameworks/vecLib.framework/Versions/A/libBLAS.dylib
0x0000000006c1f000 	/System/Library/Frameworks/ApplicationServices.framework/Versions/A/Frameworks/ATS.framework/Versions/A/Resources/libFontParser.dylib
0x0000000006c1f000 	/System/Library/Frameworks/ApplicationServices.framework/Versions/A/Frameworks/ATS.framework/Versions/A/Resources/libFontRegistry.dylib
0x0000000006c1f000 	/System/Library/Frameworks/ImageIO.framework/Versions/A/Resources/libJPEG.dylib
0x0000000006c1f000 	/System/Library/Frameworks/ImageIO.framework/Versions/A/Resources/libTIFF.dylib
0x0000000006c1f000 	/System/Library/Frameworks/ImageIO.framework/Versions/A/Resources/libPng.dylib
0x0000000006c1f000 	/System/Library/Frameworks/ImageIO.framework/Versions/A/Resources/libGIF.dylib
0x0000000006c1f000 	/System/Library/Frameworks/ImageIO.framework/Versions/A/Resources/libJP2.dylib
0x0000000006c1f000 	/System/Library/Frameworks/ImageIO.framework/Versions/A/Resources/libRadiance.dylib
0x0000000006c1f000 	/usr/lib/libcups.2.dylib
0x0000000006c1f000 	/System/Library/Frameworks/Kerberos.framework/Versions/A/Kerberos
0x0000000006c1f000 	/System/Library/Frameworks/GSS.framework/Versions/A/GSS
0x0000000006c1f000 	/usr/lib/libresolv.9.dylib
0x0000000006c1f000 	/usr/lib/libiconv.2.dylib
0x0000000006c1f000 	/System/Library/PrivateFrameworks/Heimdal.framework/Versions/A/Heimdal
0x0000000006c1f000 	/System/Library/PrivateFrameworks/TrustEvaluationAgent.framework/Versions/A/TrustEvaluationAgent
0x0000000006c1f000 	/usr/lib/libheimdal-asn1.dylib
0x0000000006c1f000 	/System/Library/Frameworks/OpenDirectory.framework/Versions/A/OpenDirectory
0x0000000006c1f000 	/System/Library/PrivateFrameworks/CommonAuth.framework/Versions/A/CommonAuth
0x0000000006c1f000 	/System/Library/Frameworks/SecurityFoundation.framework/Versions/A/SecurityFoundation
0x0000000006c1f000 	/System/Library/PrivateFrameworks/Bom.framework/Versions/A/Bom
0x0000000006c1f000 	/System/Library/Frameworks/CoreVideo.framework/Versions/A/CoreVideo
0x0000000006c1f000 	/System/Library/Frameworks/QuartzCore.framework/Versions/A/Frameworks/CoreImage.framework/Versions/A/CoreImage
0x0000000006c1f000 	/System/Library/Frameworks/QuartzCore.framework/Versions/A/Frameworks/ScalableUserInterface.framework/Versions/A/ScalableUserInterface
0x0000000006c1f000 	/System/Library/Frameworks/OpenGL.framework/Versions/A/Libraries/libGLU.dylib
0x0000000006c1f000 	/System/Library/Frameworks/OpenGL.framework/Versions/A/Libraries/libGFXShared.dylib
0x0000000006c1f000 	/System/Library/Frameworks/OpenGL.framework/Versions/A/Libraries/libGL.dylib
0x0000000006c1f000 	/System/Library/Frameworks/OpenGL.framework/Versions/A/Libraries/libGLImage.dylib
0x0000000006c1f000 	/System/Library/Frameworks/OpenGL.framework/Versions/A/Libraries/libCVMSPluginSupport.dylib
0x0000000006c1f000 	/System/Library/Frameworks/OpenGL.framework/Versions/A/Libraries/libCoreVMClient.dylib
0x0000000006c1f000 	/System/Library/PrivateFrameworks/FaceCore.framework/Versions/A/FaceCore
0x0000000006c1f000 	/System/Library/PrivateFrameworks/CrashReporterSupport.framework/Versions/A/CrashReporterSupport
0x0000000006c1f000 	/System/Library/Frameworks/OpenCL.framework/Versions/A/OpenCL
0x0000000006c1f000 	/System/Library/PrivateFrameworks/AppleFSCompression.framework/Versions/A/AppleFSCompression
0x0000000006c1f000 	/System/Library/PrivateFrameworks/Ubiquity.framework/Versions/A/Ubiquity
0x0000000006c1f000 	/System/Library/PrivateFrameworks/IconServices.framework/Versions/A/IconServices
0x0000000006c1f000 	/System/Library/PrivateFrameworks/ChunkingLibrary.framework/Versions/A/ChunkingLibrary
0x0000000006c1f000 	/System/Library/PrivateFrameworks/CoreSymbolication.framework/Versions/A/CoreSymbolication
0x0000000006c1f000 	/System/Library/PrivateFrameworks/Symbolication.framework/Versions/A/Symbolication
0x0000000006c1f000 	/System/Library/PrivateFrameworks/DebugSymbols.framework/Versions/A/DebugSymbols
0x000000010f000000 	/Library/Java/JavaVirtualMachines/jdk1.7.0_40.jdk/Contents/Home/jre/lib/server/libjvm.dylib
0x0000000006c1f000 	/usr/lib/libstdc++.6.dylib
0x000000010e7b7000 	/Library/Java/JavaVirtualMachines/jdk1.7.0_40.jdk/Contents/Home/jre/lib/libverify.dylib
0x000000010e7c4000 	/Library/Java/JavaVirtualMachines/jdk1.7.0_40.jdk/Contents/Home/jre/lib/libjava.dylib
0x000000010fa52000 	/Library/Java/JavaVirtualMachines/jdk1.7.0_40.jdk/Contents/Home/jre/lib/libzip.dylib
0x00000001192c7000 	/System/Library/Frameworks/JavaVM.framework/Frameworks/JavaRuntimeSupport.framework/JavaRuntimeSupport
0x00000001192df000 	/System/Library/Frameworks/JavaVM.framework/Versions/A/Frameworks/JavaNativeFoundation.framework/Versions/A/JavaNativeFoundation
0x00000001192f4000 	/System/Library/Frameworks/JavaVM.framework/Versions/A/JavaVM
0x0000000006c1f000 	/System/Library/Frameworks/Carbon.framework/Versions/A/Carbon
0x0000000119301000 	/System/Library/PrivateFrameworks/JavaLaunching.framework/Versions/A/JavaLaunching
0x0000000006c1f000 	/System/Library/Frameworks/Carbon.framework/Versions/A/Frameworks/CommonPanels.framework/Versions/A/CommonPanels
0x0000000006c1f000 	/System/Library/Frameworks/Carbon.framework/Versions/A/Frameworks/Help.framework/Versions/A/Help
0x0000000006c1f000 	/System/Library/Frameworks/Carbon.framework/Versions/A/Frameworks/ImageCapture.framework/Versions/A/ImageCapture
0x0000000006c1f000 	/System/Library/Frameworks/Carbon.framework/Versions/A/Frameworks/OpenScripting.framework/Versions/A/OpenScripting
0x0000000006c1f000 	/System/Library/Frameworks/Carbon.framework/Versions/A/Frameworks/Print.framework/Versions/A/Print
0x0000000006c1f000 	/System/Library/Frameworks/Carbon.framework/Versions/A/Frameworks/SecurityHI.framework/Versions/A/SecurityHI
0x00000001199c2000 	/private/var/folders/4b/y27zlpld2rx31kbcysps5_4c0000gn/T/libgdxtizian/e4139f10/libgdx64.dylib
0x0000000119a6a000 	/Library/Java/JavaVirtualMachines/jdk1.7.0_40.jdk/Contents/Home/jre/lib/libawt.dylib
0x0000000119b19000 	/Library/Java/JavaVirtualMachines/jdk1.7.0_40.jdk/Contents/Home/jre/lib/./libmlib_image.dylib
0x0000000119be5000 	/Library/Java/JavaVirtualMachines/jdk1.7.0_40.jdk/Contents/Home/jre/lib/lwawt/liblwawt.dylib
0x0000000119c99000 	/Library/Java/JavaVirtualMachines/jdk1.7.0_40.jdk/Contents/Home/jre/lib/libosxapp.dylib
0x0000000006c1f000 	/System/Library/Frameworks/ExceptionHandling.framework/Versions/A/ExceptionHandling
0x0000000006c1f000 	/System/Library/PrivateFrameworks/CoreServicesInternal.framework/Versions/A/CoreServicesInternal
0x0000000006c1f000 	/System/Library/PrivateFrameworks/Librarian.framework/Versions/A/Librarian
0x000000011b4fb000 	/System/Library/Frameworks/CoreGraphics.framework/Versions/A/Resources/libCGCMS.A.dylib
0x000000011b60d000 	/System/Library/Frameworks/CoreGraphics.framework/Versions/A/Resources/libRIP.A.dylib
0x000000011b85e000 	/System/Library/Frameworks/CoreGraphics.framework/Versions/A/Resources/libCGXType.A.dylib
0x0000000006c1f000 	/System/Library/PrivateFrameworks/FamilyControls.framework/Versions/A/FamilyControls
0x0000000006c1f000 	/System/Library/PrivateFrameworks/CommerceKit.framework/Versions/A/Frameworks/CommerceCore.framework/Versions/A/CommerceCore
0x0000000006c1f000 	/System/Library/PrivateFrameworks/SystemAdministration.framework/Versions/A/SystemAdministration
0x0000000006c1f000 	/System/Library/Frameworks/DirectoryService.framework/Versions/A/DirectoryService
0x0000000006c1f000 	/System/Library/PrivateFrameworks/DiskImages.framework/Versions/A/DiskImages
0x0000000006c1f000 	/System/Library/PrivateFrameworks/LoginUIKit.framework/Versions/A/Frameworks/LoginUICore.framework/Versions/A/LoginUICore
0x0000000006c1f000 	/usr/lib/libCoreStorage.dylib
0x0000000006c1f000 	/usr/lib/libcsfde.dylib
0x0000000006c1f000 	/usr/lib/libodfde.dylib
0x0000000006c1f000 	/System/Library/Frameworks/DiscRecording.framework/Versions/A/DiscRecording
0x0000000006c1f000 	/usr/lib/libcurl.4.dylib
0x0000000006c1f000 	/System/Library/PrivateFrameworks/MediaKit.framework/Versions/A/MediaKit
0x0000000006c1f000 	/System/Library/PrivateFrameworks/EFILogin.framework/Versions/A/EFILogin
0x0000000006c1f000 	/usr/lib/libutil.dylib
0x0000000006c1f000 	/System/Library/PrivateFrameworks/AOSNotification.framework/Versions/A/AOSNotification
0x0000000006c1f000 	/System/Library/Frameworks/LDAP.framework/Versions/A/LDAP
0x0000000006c1f000 	/usr/lib/libsasl2.2.dylib
0x0000000006c1f000 	/usr/lib/libcrypto.0.9.8.dylib
0x0000000006c1f000 	/usr/lib/libssl.0.9.8.dylib
0x000000011e350000 	/Library/Java/JavaVirtualMachines/jdk1.7.0_40.jdk/Contents/Home/jre/lib/libfontmanager.dylib
0x000000011e3ba000 	/private/var/folders/4b/y27zlpld2rx31kbcysps5_4c0000gn/T/libgdxtizian/45614fc1/liblwjgl.dylib
0x000000011b82c000 	/Library/Java/JavaVirtualMachines/jdk1.7.0_40.jdk/Contents/Home/jre/lib/libjawt.dylib
0x000000011e439000 	/var/folders/4b/y27zlpld2rx31kbcysps5_4c0000gn/T/libgdxtizian/45614fc1/openal.dylib
0x000000011e495000 	/System/Library/Components/CoreAudio.component/Contents/MacOS/CoreAudio
0x000000011e711000 	/System/Library/Extensions/AppleHDA.kext/Contents/PlugIns/AppleHDAHALPlugIn.bundle/Contents/MacOS/AppleHDAHALPlugIn
0x0000000006c1f000 	/System/Library/Frameworks/OpenGL.framework/Versions/A/Resources/GLEngine.bundle/GLEngine
0x0000000006c1f000 	/System/Library/Frameworks/OpenGL.framework/Versions/A/Libraries/libGLProgrammability.dylib
0x0000000000000000 	/System/Library/Extensions/AppleIntelHD5000GraphicsGLDriver.bundle/Contents/MacOS/AppleIntelHD5000GraphicsGLDriver
0x0000000006c1f000 	/System/Library/PrivateFrameworks/IOAccelerator.framework/Versions/A/IOAccelerator
0x0000000006c1f000 	/System/Library/PrivateFrameworks/GPUSupport.framework/Versions/A/Libraries/libGPUSupportMercury.dylib
0x0000000006c1f000 	/System/Library/Frameworks/OpenGL.framework/Versions/A/Resources/GLRendererFloat.bundle/GLRendererFloat
0x0000000006c1f000 	/System/Library/Frameworks/OpenCL.framework/Versions/A/Libraries/libcldcpuengine.dylib
0x000000011f176000 	cl_kernels
0x000000011f179000 	/System/Library/Frameworks/OpenCL.framework/Versions/A/Libraries/ImageFormats/unorm8_bgra.dylib
0x000000011f2a4000 	cl_kernels

VM Arguments:
jvm_args: -Dfile.encoding=US-ASCII 
java_command: com.hackzurich.desktop.DesktopLauncher
Launcher Type: SUN_STANDARD

Environment Variables:
PATH=/usr/bin:/bin:/usr/sbin:/sbin
SHELL=/bin/zsh
DISPLAY=/tmp/launch-eebjOQ/org.macosforge.xquartz:0

Signal Handlers:
SIGSEGV: [libjvm.dylib+0x524b25], sa_mask[0]=0xfffefeff, sa_flags=0x00000043
SIGBUS: [libjvm.dylib+0x524b25], sa_mask[0]=0xfffefeff, sa_flags=0x00000042
SIGFPE: [libjvm.dylib+0x4180e6], sa_mask[0]=0xfffefeff, sa_flags=0x00000042
SIGPIPE: [libjvm.dylib+0x4180e6], sa_mask[0]=0xfffefeff, sa_flags=0x00000042
SIGXFSZ: [libjvm.dylib+0x4180e6], sa_mask[0]=0xfffefeff, sa_flags=0x00000042
SIGILL: [libjvm.dylib+0x4180e6], sa_mask[0]=0xfffefeff, sa_flags=0x00000042
SIGUSR1: SIG_DFL, sa_mask[0]=0x00000000, sa_flags=0x00000002
SIGUSR2: [libjvm.dylib+0x417bd8], sa_mask[0]=0x00000004, sa_flags=0x00000042
SIGHUP: [libjvm.dylib+0x415e67], sa_mask[0]=0xfffefeff, sa_flags=0x00000042
SIGINT: [libjvm.dylib+0x415e67], sa_mask[0]=0xfffefeff, sa_flags=0x00000042
SIGTERM: [libjvm.dylib+0x415e67], sa_mask[0]=0xfffefeff, sa_flags=0x00000042
SIGQUIT: [libjvm.dylib+0x415e67], sa_mask[0]=0xfffefeff, sa_flags=0x00000042


---------------  S Y S T E M  ---------------

OS:Bsduname:Darwin 13.4.0 Darwin Kernel Version 13.4.0: Sun Aug 17 19:50:11 PDT 2014; root:xnu-2422.115.4~1/RELEASE_X86_64 x86_64
rlimit: STACK 8192k, CORE 0k, NPROC 709, NOFILE 10240, AS infinity
load average:1.55 1.46 1.43

CPU:total 4 (2 cores per cpu, 2 threads per core) family 6 model 69 stepping 1, cmov, cx8, fxsr, mmx, sse, sse2, sse3, ssse3, sse4.1, sse4.2, popcnt, avx, avx2, aes, erms, ht, tsc, tscinvbit

Memory: 4k page, physical 8388608k(2097152k free)

/proc/meminfo:


vm_info: Java HotSpot(TM) 64-Bit Server VM (24.0-b56) for bsd-amd64 JRE (1.7.0_40-b43), built on Aug 26 2013 21:29:19 by "java_re" with gcc 4.2.1 (Based on Apple Inc. build 5658) (LLVM build 2336.11.00)

time: Sat Oct 11 07:14:10 2014
elapsed time: 104 seconds

